#! /usr/bin/vvp
:ivl_version "12.0 (stable)";
:ivl_delay_selection "TYPICAL";
:vpi_time_precision + 0;
:vpi_module "/usr/lib/x86_64-linux-gnu/ivl/system.vpi";
:vpi_module "/usr/lib/x86_64-linux-gnu/ivl/vhdl_sys.vpi";
:vpi_module "/usr/lib/x86_64-linux-gnu/ivl/vhdl_textio.vpi";
:vpi_module "/usr/lib/x86_64-linux-gnu/ivl/v2005_math.vpi";
:vpi_module "/usr/lib/x86_64-linux-gnu/ivl/va_math.vpi";
S_0x5c1334d23830 .scope module, "piso_tb" "piso_tb" 2 1;
 .timescale 0 0;
v0x5c1334d39b70_0 .var "clk", 0 0;
v0x5c1334d39c30_0 .var "load", 0 0;
v0x5c1334d39d00_0 .var "parallel_in", 3 0;
v0x5c1334d39e00_0 .var "rst", 0 0;
v0x5c1334d39ed0_0 .net "serial_out", 0 0, v0x5c1334d39800_0;  1 drivers
v0x5c1334d39fc0_0 .var "shift", 0 0;
S_0x5c1334d239c0 .scope module, "piso_dut" "piso" 2 5, 3 1 0, S_0x5c1334d23830;
 .timescale 0 0;
    .port_info 0 /INPUT 1 "clk";
    .port_info 1 /INPUT 1 "rst";
    .port_info 2 /INPUT 1 "shift";
    .port_info 3 /INPUT 1 "load";
    .port_info 4 /INPUT 4 "parallel_in";
    .port_info 5 /OUTPUT 1 "serial_out";
P_0x5c1334d23ba0 .param/l "width" 0 3 1, +C4<00000000000000000000000000000100>;
v0x5c1334ce8550_0 .net "clk", 0 0, v0x5c1334d39b70_0;  1 drivers
v0x5c1334d39590_0 .net "load", 0 0, v0x5c1334d39c30_0;  1 drivers
v0x5c1334d39650_0 .net "parallel_in", 3 0, v0x5c1334d39d00_0;  1 drivers
v0x5c1334d39740_0 .net "rst", 0 0, v0x5c1334d39e00_0;  1 drivers
v0x5c1334d39800_0 .var "serial_out", 0 0;
v0x5c1334d39910_0 .net "shift", 0 0, v0x5c1334d39fc0_0;  1 drivers
v0x5c1334d399d0_0 .var "shift_reg", 3 0;
E_0x5c1334d21f40 .event posedge, v0x5c1334ce8550_0;
    .scope S_0x5c1334d239c0;
T_0 ;
    %wait E_0x5c1334d21f40;
    %load/vec4 v0x5c1334d39740_0;
    %flag_set/vec4 8;
    %jmp/0xz  T_0.0, 8;
    %pushi/vec4 0, 0, 4;
    %assign/vec4 v0x5c1334d399d0_0, 0;
    %pushi/vec4 0, 0, 1;
    %assign/vec4 v0x5c1334d39800_0, 0;
    %jmp T_0.1;
T_0.0 ;
    %load/vec4 v0x5c1334d39590_0;
    %flag_set/vec4 8;
    %jmp/0xz  T_0.2, 8;
    %load/vec4 v0x5c1334d39650_0;
    %assign/vec4 v0x5c1334d399d0_0, 0;
    %jmp T_0.3;
T_0.2 ;
    %load/vec4 v0x5c1334d39910_0;
    %flag_set/vec4 8;
    %jmp/0xz  T_0.4, 8;
    %load/vec4 v0x5c1334d399d0_0;
    %parti/s 1, 0, 2;
    %assign/vec4 v0x5c1334d39800_0, 0;
    %load/vec4 v0x5c1334d399d0_0;
    %ix/load 4, 1, 0;
    %flag_set/imm 4, 0;
    %shiftr 4;
    %assign/vec4 v0x5c1334d399d0_0, 0;
T_0.4 ;
T_0.3 ;
T_0.1 ;
    %jmp T_0;
    .thread T_0;
    .scope S_0x5c1334d23830;
T_1 ;
    %delay 5, 0;
    %load/vec4 v0x5c1334d39b70_0;
    %inv;
    %store/vec4 v0x5c1334d39b70_0, 0, 1;
    %jmp T_1;
    .thread T_1;
    .scope S_0x5c1334d23830;
T_2 ;
    %vpi_call 2 8 "$monitor", "time = %0t|rst = %b|parallel_in = %b|serial_out = %b|", $time, v0x5c1334d39e00_0, v0x5c1334d39d00_0, v0x5c1334d39ed0_0 {0 0 0};
    %pushi/vec4 0, 0, 1;
    %store/vec4 v0x5c1334d39b70_0, 0, 1;
    %pushi/vec4 1, 0, 1;
    %store/vec4 v0x5c1334d39e00_0, 0, 1;
    %pushi/vec4 0, 0, 1;
    %store/vec4 v0x5c1334d39fc0_0, 0, 1;
    %pushi/vec4 1, 0, 1;
    %store/vec4 v0x5c1334d39c30_0, 0, 1;
    %pushi/vec4 0, 0, 4;
    %store/vec4 v0x5c1334d39d00_0, 0, 4;
    %delay 10, 0;
    %pushi/vec4 0, 0, 1;
    %store/vec4 v0x5c1334d39e00_0, 0, 1;
    %delay 10, 0;
    %pushi/vec4 1, 0, 1;
    %store/vec4 v0x5c1334d39c30_0, 0, 1;
    %pushi/vec4 9, 0, 4;
    %store/vec4 v0x5c1334d39d00_0, 0, 4;
    %delay 10, 0;
    %pushi/vec4 0, 0, 1;
    %store/vec4 v0x5c1334d39c30_0, 0, 1;
    %pushi/vec4 1, 0, 1;
    %store/vec4 v0x5c1334d39fc0_0, 0, 1;
    %delay 40, 0;
    %pushi/vec4 0, 0, 1;
    %store/vec4 v0x5c1334d39fc0_0, 0, 1;
    %delay 20, 0;
    %vpi_call 2 24 "$finish" {0 0 0};
    %end;
    .thread T_2;
    .scope S_0x5c1334d23830;
T_3 ;
    %vpi_call 2 27 "$dumpfile", "piso.vcd" {0 0 0};
    %vpi_call 2 28 "$dumpvars", 32'sb00000000000000000000000000000000, S_0x5c1334d23830 {0 0 0};
    %end;
    .thread T_3;
# The file index is used to find the file name in the following table.
:file_names 4;
    "N/A";
    "<interactive>";
    "piso_reg_tb.v";
    "piso_reg.v";
