#! /usr/bin/vvp
:ivl_version "12.0 (stable)";
:ivl_delay_selection "TYPICAL";
:vpi_time_precision + 0;
:vpi_module "/usr/lib/x86_64-linux-gnu/ivl/system.vpi";
:vpi_module "/usr/lib/x86_64-linux-gnu/ivl/vhdl_sys.vpi";
:vpi_module "/usr/lib/x86_64-linux-gnu/ivl/vhdl_textio.vpi";
:vpi_module "/usr/lib/x86_64-linux-gnu/ivl/v2005_math.vpi";
:vpi_module "/usr/lib/x86_64-linux-gnu/ivl/va_math.vpi";
S_0x649be3ee0020 .scope module, "ud_count_tb" "ud_count_tb" 2 1;
 .timescale 0 0;
v0x649be3f059d0_0 .var "clk", 0 0;
v0x649be3f05a90_0 .net "count", 3 0, v0x649be3f056b0_0;  1 drivers
v0x649be3f05b60_0 .var "rst", 0 0;
v0x649be3f05c60_0 .var "up_down", 0 0;
S_0x649be3ef2030 .scope module, "ud_count_dut" "ud_count" 2 5, 3 1 0, S_0x649be3ee0020;
 .timescale 0 0;
    .port_info 0 /INPUT 1 "clk";
    .port_info 1 /INPUT 1 "rst";
    .port_info 2 /INPUT 1 "up_down";
    .port_info 3 /OUTPUT 4 "count";
v0x649be3ef22a0_0 .net "clk", 0 0, v0x649be3f059d0_0;  1 drivers
v0x649be3f056b0_0 .var "count", 3 0;
v0x649be3f05790_0 .net "rst", 0 0, v0x649be3f05b60_0;  1 drivers
v0x649be3f05860_0 .net "up_down", 0 0, v0x649be3f05c60_0;  1 drivers
E_0x649be3ef12e0 .event posedge, v0x649be3ef22a0_0;
    .scope S_0x649be3ef2030;
T_0 ;
    %wait E_0x649be3ef12e0;
    %load/vec4 v0x649be3f05790_0;
    %flag_set/vec4 8;
    %jmp/0xz  T_0.0, 8;
    %pushi/vec4 0, 0, 4;
    %assign/vec4 v0x649be3f056b0_0, 0;
    %jmp T_0.1;
T_0.0 ;
    %load/vec4 v0x649be3f05860_0;
    %flag_set/vec4 8;
    %jmp/0xz  T_0.2, 8;
    %load/vec4 v0x649be3f056b0_0;
    %addi 1, 0, 4;
    %assign/vec4 v0x649be3f056b0_0, 0;
    %jmp T_0.3;
T_0.2 ;
    %load/vec4 v0x649be3f056b0_0;
    %subi 1, 0, 4;
    %assign/vec4 v0x649be3f056b0_0, 0;
T_0.3 ;
T_0.1 ;
    %jmp T_0;
    .thread T_0;
    .scope S_0x649be3ee0020;
T_1 ;
    %delay 5, 0;
    %load/vec4 v0x649be3f059d0_0;
    %inv;
    %store/vec4 v0x649be3f059d0_0, 0, 1;
    %jmp T_1;
    .thread T_1;
    .scope S_0x649be3ee0020;
T_2 ;
    %pushi/vec4 0, 0, 1;
    %store/vec4 v0x649be3f059d0_0, 0, 1;
    %pushi/vec4 1, 0, 1;
    %store/vec4 v0x649be3f05b60_0, 0, 1;
    %pushi/vec4 0, 0, 1;
    %store/vec4 v0x649be3f05c60_0, 0, 1;
    %vpi_call 2 14 "$monitor", "time = %0t|rst = %b|up_down = %b|count = %b", $time, v0x649be3f05b60_0, v0x649be3f05c60_0, v0x649be3f05a90_0 {0 0 0};
    %delay 10, 0;
    %pushi/vec4 0, 0, 1;
    %store/vec4 v0x649be3f05b60_0, 0, 1;
    %pushi/vec4 1, 0, 1;
    %store/vec4 v0x649be3f05c60_0, 0, 1;
    %delay 155, 0;
    %pushi/vec4 0, 0, 1;
    %store/vec4 v0x649be3f05c60_0, 0, 1;
    %delay 155, 0;
    %vpi_call 2 21 "$finish" {0 0 0};
    %end;
    .thread T_2;
    .scope S_0x649be3ee0020;
T_3 ;
    %vpi_call 2 24 "$dumpfile", "ud_count.vcd" {0 0 0};
    %vpi_call 2 25 "$dumpvars", 32'sb00000000000000000000000000000000, S_0x649be3ee0020 {0 0 0};
    %end;
    .thread T_3;
# The file index is used to find the file name in the following table.
:file_names 4;
    "N/A";
    "<interactive>";
    "ud_counter_tb.v";
    "ud_counter.v";
