#! /usr/bin/vvp
:ivl_version "12.0 (stable)";
:ivl_delay_selection "TYPICAL";
:vpi_time_precision + 0;
:vpi_module "/usr/lib/x86_64-linux-gnu/ivl/system.vpi";
:vpi_module "/usr/lib/x86_64-linux-gnu/ivl/vhdl_sys.vpi";
:vpi_module "/usr/lib/x86_64-linux-gnu/ivl/vhdl_textio.vpi";
:vpi_module "/usr/lib/x86_64-linux-gnu/ivl/v2005_math.vpi";
:vpi_module "/usr/lib/x86_64-linux-gnu/ivl/va_math.vpi";
S_0x5b0a2c9a1b10 .scope module, "led_blink_tb" "led_blink_tb" 2 1;
 .timescale 0 0;
v0x5b0a2c9b4220_0 .var "clk", 0 0;
v0x5b0a2c9b42f0_0 .net "led", 0 0, v0x5b0a2c9b4040_0;  1 drivers
v0x5b0a2c9b43c0_0 .var "rst", 0 0;
S_0x5b0a2c9a1ca0 .scope module, "led_dut" "led_blink" 2 4, 3 2 0, S_0x5b0a2c9a1b10;
 .timescale 0 0;
    .port_info 0 /INPUT 1 "clk";
    .port_info 1 /INPUT 1 "rst";
    .port_info 2 /OUTPUT 1 "led";
v0x5b0a2c9a1ed0_0 .net "clk", 0 0, v0x5b0a2c9b4220_0;  1 drivers
v0x5b0a2c9b3f60_0 .var "count", 25 0;
v0x5b0a2c9b4040_0 .var "led", 0 0;
v0x5b0a2c9b40e0_0 .net "rst", 0 0, v0x5b0a2c9b43c0_0;  1 drivers
E_0x5b0a2c968090 .event posedge, v0x5b0a2c9b40e0_0, v0x5b0a2c9a1ed0_0;
    .scope S_0x5b0a2c9a1ca0;
T_0 ;
    %wait E_0x5b0a2c968090;
    %load/vec4 v0x5b0a2c9b40e0_0;
    %flag_set/vec4 8;
    %jmp/0xz  T_0.0, 8;
    %pushi/vec4 0, 0, 26;
    %assign/vec4 v0x5b0a2c9b3f60_0, 0;
    %pushi/vec4 0, 0, 1;
    %assign/vec4 v0x5b0a2c9b4040_0, 0;
    %jmp T_0.1;
T_0.0 ;
    %load/vec4 v0x5b0a2c9b3f60_0;
    %pad/u 32;
    %cmpi/e 24999999, 0, 32;
    %jmp/0xz  T_0.2, 4;
    %pushi/vec4 0, 0, 26;
    %assign/vec4 v0x5b0a2c9b3f60_0, 0;
    %load/vec4 v0x5b0a2c9b4040_0;
    %inv;
    %assign/vec4 v0x5b0a2c9b4040_0, 0;
    %jmp T_0.3;
T_0.2 ;
    %load/vec4 v0x5b0a2c9b3f60_0;
    %addi 1, 0, 26;
    %assign/vec4 v0x5b0a2c9b3f60_0, 0;
T_0.3 ;
T_0.1 ;
    %jmp T_0;
    .thread T_0;
    .scope S_0x5b0a2c9a1b10;
T_1 ;
    %delay 5, 0;
    %load/vec4 v0x5b0a2c9b4220_0;
    %inv;
    %store/vec4 v0x5b0a2c9b4220_0, 0, 1;
    %jmp T_1;
    .thread T_1;
    .scope S_0x5b0a2c9a1b10;
T_2 ;
    %pushi/vec4 0, 0, 1;
    %store/vec4 v0x5b0a2c9b4220_0, 0, 1;
    %pushi/vec4 1, 0, 1;
    %store/vec4 v0x5b0a2c9b43c0_0, 0, 1;
    %vpi_call 2 9 "$monitor", "time = %0t |rst =%b|led = %b", $time, v0x5b0a2c9b43c0_0, v0x5b0a2c9b42f0_0 {0 0 0};
    %delay 10, 0;
    %pushi/vec4 0, 0, 1;
    %store/vec4 v0x5b0a2c9b43c0_0, 0, 1;
    %delay 500, 0;
    %vpi_call 2 12 "$finish" {0 0 0};
    %end;
    .thread T_2;
# The file index is used to find the file name in the following table.
:file_names 4;
    "N/A";
    "<interactive>";
    "blink_0.5s_tb.v";
    "blink_0.5s.v";
