#! /usr/bin/vvp
:ivl_version "12.0 (stable)";
:ivl_delay_selection "TYPICAL";
:vpi_time_precision + 0;
:vpi_module "/usr/lib/x86_64-linux-gnu/ivl/system.vpi";
:vpi_module "/usr/lib/x86_64-linux-gnu/ivl/vhdl_sys.vpi";
:vpi_module "/usr/lib/x86_64-linux-gnu/ivl/vhdl_textio.vpi";
:vpi_module "/usr/lib/x86_64-linux-gnu/ivl/v2005_math.vpi";
:vpi_module "/usr/lib/x86_64-linux-gnu/ivl/va_math.vpi";
S_0x5a8d876d2a40 .scope module, "clk_50_10_tb" "clk_50_10_tb" 2 1;
 .timescale 0 0;
v0x5a8d876e5110_0 .var "clk", 0 0;
v0x5a8d876e51e0_0 .net "clk_out", 0 0, v0x5a8d876e4e50_0;  1 drivers
v0x5a8d876e52b0_0 .var "rst", 0 0;
S_0x5a8d876d2bd0 .scope module, "clk_10" "clk_50_10" 2 4, 3 1 0, S_0x5a8d876d2a40;
 .timescale 0 0;
    .port_info 0 /INPUT 1 "clk";
    .port_info 1 /INPUT 1 "rst";
    .port_info 2 /OUTPUT 1 "clk_out";
v0x5a8d876d2e00_0 .net "clk", 0 0, v0x5a8d876e5110_0;  1 drivers
v0x5a8d876e4e50_0 .var "clk_out", 0 0;
v0x5a8d876e4f10_0 .var "count", 2 0;
v0x5a8d876e4fd0_0 .net "rst", 0 0, v0x5a8d876e52b0_0;  1 drivers
E_0x5a8d876996a0/0 .event negedge, v0x5a8d876e4fd0_0;
E_0x5a8d876996a0/1 .event posedge, v0x5a8d876d2e00_0;
E_0x5a8d876996a0 .event/or E_0x5a8d876996a0/0, E_0x5a8d876996a0/1;
    .scope S_0x5a8d876d2bd0;
T_0 ;
    %wait E_0x5a8d876996a0;
    %load/vec4 v0x5a8d876e4fd0_0;
    %nor/r;
    %flag_set/vec4 8;
    %jmp/0xz  T_0.0, 8;
    %pushi/vec4 0, 0, 3;
    %assign/vec4 v0x5a8d876e4f10_0, 0;
    %pushi/vec4 0, 0, 1;
    %store/vec4 v0x5a8d876e4e50_0, 0, 1;
    %jmp T_0.1;
T_0.0 ;
    %load/vec4 v0x5a8d876e4f10_0;
    %cmpi/e 4, 0, 3;
    %jmp/0xz  T_0.2, 4;
    %pushi/vec4 0, 0, 3;
    %assign/vec4 v0x5a8d876e4f10_0, 0;
    %load/vec4 v0x5a8d876e4e50_0;
    %inv;
    %store/vec4 v0x5a8d876e4e50_0, 0, 1;
    %jmp T_0.3;
T_0.2 ;
    %load/vec4 v0x5a8d876e4f10_0;
    %addi 1, 0, 3;
    %assign/vec4 v0x5a8d876e4f10_0, 0;
T_0.3 ;
T_0.1 ;
    %jmp T_0;
    .thread T_0;
    .scope S_0x5a8d876d2a40;
T_1 ;
    %vpi_call 2 10 "$dumpfile", "clk_10.vcd" {0 0 0};
    %vpi_call 2 11 "$dumpvars", 32'sb00000000000000000000000000000000, S_0x5a8d876d2a40 {0 0 0};
    %end;
    .thread T_1;
    .scope S_0x5a8d876d2a40;
T_2 ;
    %pushi/vec4 0, 0, 1;
    %store/vec4 v0x5a8d876e5110_0, 0, 1;
    %end;
    .thread T_2;
    .scope S_0x5a8d876d2a40;
T_3 ;
    %delay 10, 0;
    %load/vec4 v0x5a8d876e5110_0;
    %inv;
    %store/vec4 v0x5a8d876e5110_0, 0, 1;
    %jmp T_3;
    .thread T_3;
    .scope S_0x5a8d876d2a40;
T_4 ;
    %vpi_call 2 16 "$monitor", "clk=%b|rst=1||clk_out=%b", v0x5a8d876e5110_0, v0x5a8d876e52b0_0, v0x5a8d876e51e0_0 {0 0 0};
    %pushi/vec4 0, 0, 1;
    %store/vec4 v0x5a8d876e52b0_0, 0, 1;
    %delay 25, 0;
    %pushi/vec4 1, 0, 1;
    %store/vec4 v0x5a8d876e52b0_0, 0, 1;
    %delay 500, 0;
    %vpi_call 2 21 "$finish" {0 0 0};
    %end;
    .thread T_4;
# The file index is used to find the file name in the following table.
:file_names 4;
    "N/A";
    "<interactive>";
    "clock_50_10_tb.v";
    "clock_50_10.v";
