#! /usr/bin/vvp
:ivl_version "12.0 (stable)";
:ivl_delay_selection "TYPICAL";
:vpi_time_precision + 0;
:vpi_module "/usr/lib/x86_64-linux-gnu/ivl/system.vpi";
:vpi_module "/usr/lib/x86_64-linux-gnu/ivl/vhdl_sys.vpi";
:vpi_module "/usr/lib/x86_64-linux-gnu/ivl/vhdl_textio.vpi";
:vpi_module "/usr/lib/x86_64-linux-gnu/ivl/v2005_math.vpi";
:vpi_module "/usr/lib/x86_64-linux-gnu/ivl/va_math.vpi";
S_0x57dd44187640 .scope module, "seq_1010_tb" "seq_1010_tb" 2 1;
 .timescale 0 0;
v0x57dd441a02b0_0 .var "clk", 0 0;
v0x57dd441a0370_0 .var "rst", 0 0;
v0x57dd441a0440_0 .var "x", 0 0;
v0x57dd441a0540_0 .net "z", 0 0, L_0x57dd441b0d80;  1 drivers
S_0x57dd441877d0 .scope module, "dut" "seq_1010" 2 4, 3 1 0, S_0x57dd44187640;
 .timescale 0 0;
    .port_info 0 /INPUT 1 "clk";
    .port_info 1 /INPUT 1 "rst";
    .port_info 2 /INPUT 1 "x";
    .port_info 3 /OUTPUT 1 "z";
P_0x57dd44175530 .param/l "s0" 0 3 2, C4<00>;
P_0x57dd44175570 .param/l "s1" 0 3 3, C4<01>;
P_0x57dd441755b0 .param/l "s2" 0 3 4, C4<10>;
P_0x57dd441755f0 .param/l "s3" 0 3 5, C4<11>;
L_0x57dd441b0a60 .functor AND 1, L_0x57dd441a0640, L_0x57dd441b08f0, C4<1>, C4<1>;
L_0x744f5486e018 .functor BUFT 1, C4<11>, C4<0>, C4<0>, C4<0>;
v0x57dd44187e90_0 .net/2u *"_ivl_0", 1 0, L_0x744f5486e018;  1 drivers
v0x57dd4419f5c0_0 .net *"_ivl_10", 0 0, L_0x57dd441b08f0;  1 drivers
v0x57dd4419f680_0 .net *"_ivl_13", 0 0, L_0x57dd441b0a60;  1 drivers
L_0x744f5486e0f0 .functor BUFT 1, C4<01>, C4<0>, C4<0>, C4<0>;
v0x57dd4419f720_0 .net/2s *"_ivl_14", 1 0, L_0x744f5486e0f0;  1 drivers
L_0x744f5486e138 .functor BUFT 1, C4<00>, C4<0>, C4<0>, C4<0>;
v0x57dd4419f800_0 .net/2s *"_ivl_16", 1 0, L_0x744f5486e138;  1 drivers
v0x57dd4419f930_0 .net *"_ivl_18", 1 0, L_0x57dd441b0bc0;  1 drivers
v0x57dd4419fa10_0 .net *"_ivl_2", 0 0, L_0x57dd441a0640;  1 drivers
v0x57dd4419fad0_0 .net *"_ivl_4", 31 0, L_0x57dd441a0740;  1 drivers
L_0x744f5486e060 .functor BUFT 1, C4<0000000000000000000000000000000>, C4<0>, C4<0>, C4<0>;
v0x57dd4419fbb0_0 .net *"_ivl_7", 30 0, L_0x744f5486e060;  1 drivers
L_0x744f5486e0a8 .functor BUFT 1, C4<00000000000000000000000000000000>, C4<0>, C4<0>, C4<0>;
v0x57dd4419fc90_0 .net/2u *"_ivl_8", 31 0, L_0x744f5486e0a8;  1 drivers
v0x57dd4419fd70_0 .net "clk", 0 0, v0x57dd441a02b0_0;  1 drivers
v0x57dd4419fe30_0 .var "next_state", 1 0;
v0x57dd4419ff10_0 .var "present_state", 1 0;
v0x57dd4419fff0_0 .net "rst", 0 0, v0x57dd441a0370_0;  1 drivers
v0x57dd441a00b0_0 .net "x", 0 0, v0x57dd441a0440_0;  1 drivers
v0x57dd441a0170_0 .net "z", 0 0, L_0x57dd441b0d80;  alias, 1 drivers
E_0x57dd4414bb60 .event anyedge, v0x57dd4419ff10_0, v0x57dd441a00b0_0;
E_0x57dd4414bdc0 .event posedge, v0x57dd4419fff0_0, v0x57dd4419fd70_0;
L_0x57dd441a0640 .cmp/eq 2, v0x57dd4419ff10_0, L_0x744f5486e018;
L_0x57dd441a0740 .concat [ 1 31 0 0], v0x57dd441a0440_0, L_0x744f5486e060;
L_0x57dd441b08f0 .cmp/eq 32, L_0x57dd441a0740, L_0x744f5486e0a8;
L_0x57dd441b0bc0 .functor MUXZ 2, L_0x744f5486e138, L_0x744f5486e0f0, L_0x57dd441b0a60, C4<>;
L_0x57dd441b0d80 .part L_0x57dd441b0bc0, 0, 1;
    .scope S_0x57dd441877d0;
T_0 ;
    %wait E_0x57dd4414bdc0;
    %load/vec4 v0x57dd4419fff0_0;
    %flag_set/vec4 8;
    %jmp/0xz  T_0.0, 8;
    %pushi/vec4 0, 0, 2;
    %assign/vec4 v0x57dd4419ff10_0, 0;
    %jmp T_0.1;
T_0.0 ;
    %load/vec4 v0x57dd4419fe30_0;
    %assign/vec4 v0x57dd4419ff10_0, 0;
T_0.1 ;
    %jmp T_0;
    .thread T_0;
    .scope S_0x57dd441877d0;
T_1 ;
    %wait E_0x57dd4414bb60;
    %load/vec4 v0x57dd4419ff10_0;
    %dup/vec4;
    %pushi/vec4 0, 0, 2;
    %cmp/u;
    %jmp/1 T_1.0, 6;
    %dup/vec4;
    %pushi/vec4 1, 0, 2;
    %cmp/u;
    %jmp/1 T_1.1, 6;
    %dup/vec4;
    %pushi/vec4 2, 0, 2;
    %cmp/u;
    %jmp/1 T_1.2, 6;
    %dup/vec4;
    %pushi/vec4 3, 0, 2;
    %cmp/u;
    %jmp/1 T_1.3, 6;
    %pushi/vec4 0, 0, 2;
    %store/vec4 v0x57dd4419fe30_0, 0, 2;
    %jmp T_1.5;
T_1.0 ;
    %load/vec4 v0x57dd441a00b0_0;
    %flag_set/vec4 8;
    %jmp/0 T_1.6, 8;
    %pushi/vec4 1, 0, 2;
    %jmp/1 T_1.7, 8;
T_1.6 ; End of true expr.
    %pushi/vec4 0, 0, 2;
    %jmp/0 T_1.7, 8;
 ; End of false expr.
    %blend;
T_1.7;
    %store/vec4 v0x57dd4419fe30_0, 0, 2;
    %jmp T_1.5;
T_1.1 ;
    %load/vec4 v0x57dd441a00b0_0;
    %flag_set/vec4 8;
    %jmp/0 T_1.8, 8;
    %pushi/vec4 1, 0, 2;
    %jmp/1 T_1.9, 8;
T_1.8 ; End of true expr.
    %pushi/vec4 2, 0, 2;
    %jmp/0 T_1.9, 8;
 ; End of false expr.
    %blend;
T_1.9;
    %store/vec4 v0x57dd4419fe30_0, 0, 2;
    %jmp T_1.5;
T_1.2 ;
    %load/vec4 v0x57dd441a00b0_0;
    %flag_set/vec4 8;
    %jmp/0 T_1.10, 8;
    %pushi/vec4 3, 0, 2;
    %jmp/1 T_1.11, 8;
T_1.10 ; End of true expr.
    %pushi/vec4 0, 0, 2;
    %jmp/0 T_1.11, 8;
 ; End of false expr.
    %blend;
T_1.11;
    %store/vec4 v0x57dd4419fe30_0, 0, 2;
    %jmp T_1.5;
T_1.3 ;
    %load/vec4 v0x57dd441a00b0_0;
    %flag_set/vec4 8;
    %jmp/0 T_1.12, 8;
    %pushi/vec4 1, 0, 2;
    %jmp/1 T_1.13, 8;
T_1.12 ; End of true expr.
    %pushi/vec4 2, 0, 2;
    %jmp/0 T_1.13, 8;
 ; End of false expr.
    %blend;
T_1.13;
    %store/vec4 v0x57dd4419fe30_0, 0, 2;
    %jmp T_1.5;
T_1.5 ;
    %pop/vec4 1;
    %jmp T_1;
    .thread T_1, $push;
    .scope S_0x57dd44187640;
T_2 ;
    %pushi/vec4 0, 0, 1;
    %store/vec4 v0x57dd441a02b0_0, 0, 1;
    %end;
    .thread T_2;
    .scope S_0x57dd44187640;
T_3 ;
    %delay 10, 0;
    %load/vec4 v0x57dd441a02b0_0;
    %inv;
    %store/vec4 v0x57dd441a02b0_0, 0, 1;
    %jmp T_3;
    .thread T_3;
    .scope S_0x57dd44187640;
T_4 ;
    %vpi_call 2 13 "$monitor", "clk = %0b | x = %0b | z = %0b", v0x57dd441a02b0_0, v0x57dd441a0440_0, v0x57dd441a0540_0 {0 0 0};
    %pushi/vec4 1, 0, 1;
    %store/vec4 v0x57dd441a0370_0, 0, 1;
    %pushi/vec4 0, 0, 1;
    %store/vec4 v0x57dd441a0440_0, 0, 1;
    %delay 25, 0;
    %pushi/vec4 0, 0, 1;
    %store/vec4 v0x57dd441a0370_0, 0, 1;
    %delay 15, 0;
    %pushi/vec4 1, 0, 1;
    %store/vec4 v0x57dd441a0440_0, 0, 1;
    %delay 20, 0;
    %pushi/vec4 0, 0, 1;
    %store/vec4 v0x57dd441a0440_0, 0, 1;
    %delay 20, 0;
    %pushi/vec4 1, 0, 1;
    %store/vec4 v0x57dd441a0440_0, 0, 1;
    %delay 20, 0;
    %pushi/vec4 0, 0, 1;
    %store/vec4 v0x57dd441a0440_0, 0, 1;
    %delay 20, 0;
    %pushi/vec4 1, 0, 1;
    %store/vec4 v0x57dd441a0440_0, 0, 1;
    %delay 20, 0;
    %pushi/vec4 0, 0, 1;
    %store/vec4 v0x57dd441a0440_0, 0, 1;
    %delay 20, 0;
    %pushi/vec4 0, 0, 1;
    %store/vec4 v0x57dd441a0440_0, 0, 1;
    %delay 20, 0;
    %pushi/vec4 1, 0, 1;
    %store/vec4 v0x57dd441a0440_0, 0, 1;
    %delay 20, 0;
    %pushi/vec4 1, 0, 1;
    %store/vec4 v0x57dd441a0440_0, 0, 1;
    %delay 40, 0;
    %vpi_call 2 27 "$finish" {0 0 0};
    %end;
    .thread T_4;
# The file index is used to find the file name in the following table.
:file_names 4;
    "N/A";
    "<interactive>";
    "1010_seq_tb.v";
    "1010_seq.v";
