#! /usr/bin/vvp
:ivl_version "12.0 (stable)";
:ivl_delay_selection "TYPICAL";
:vpi_time_precision + 0;
:vpi_module "/usr/lib/x86_64-linux-gnu/ivl/system.vpi";
:vpi_module "/usr/lib/x86_64-linux-gnu/ivl/vhdl_sys.vpi";
:vpi_module "/usr/lib/x86_64-linux-gnu/ivl/vhdl_textio.vpi";
:vpi_module "/usr/lib/x86_64-linux-gnu/ivl/v2005_math.vpi";
:vpi_module "/usr/lib/x86_64-linux-gnu/ivl/va_math.vpi";
S_0x5aa98e29c270 .scope module, "mod_n_count_tb" "mod_n_count_tb" 2 1;
 .timescale 0 0;
v0x5aa98e2af7d0_0 .var "clk", 0 0;
v0x5aa98e2af8a0_0 .net "count", 3 0, v0x5aa98e2af5a0_0;  1 drivers
v0x5aa98e2af970_0 .var "rst", 0 0;
S_0x5aa98e29c400 .scope module, "mod_n_count_dut" "mod_n_count" 2 5, 3 1 0, S_0x5aa98e29c270;
 .timescale 0 0;
    .port_info 0 /INPUT 1 "clk";
    .port_info 1 /INPUT 1 "rst";
    .port_info 2 /OUTPUT 4 "count";
P_0x5aa98e2876b0 .param/l "n" 0 3 1, +C4<00000000000000000000000000001010>;
P_0x5aa98e2876f0 .param/l "width" 0 3 1, +C4<00000000000000000000000000000100>;
v0x5aa98e2624e0_0 .net "clk", 0 0, v0x5aa98e2af7d0_0;  1 drivers
v0x5aa98e2af5a0_0 .var "count", 3 0;
v0x5aa98e2af680_0 .net "rst", 0 0, v0x5aa98e2af970_0;  1 drivers
E_0x5aa98e262bc0 .event posedge, v0x5aa98e2624e0_0;
    .scope S_0x5aa98e29c400;
T_0 ;
    %wait E_0x5aa98e262bc0;
    %load/vec4 v0x5aa98e2af680_0;
    %flag_set/vec4 8;
    %jmp/0xz  T_0.0, 8;
    %pushi/vec4 0, 0, 4;
    %assign/vec4 v0x5aa98e2af5a0_0, 0;
    %jmp T_0.1;
T_0.0 ;
    %load/vec4 v0x5aa98e2af5a0_0;
    %pad/u 32;
    %cmpi/e 9, 0, 32;
    %jmp/0xz  T_0.2, 4;
    %pushi/vec4 0, 0, 4;
    %assign/vec4 v0x5aa98e2af5a0_0, 0;
    %jmp T_0.3;
T_0.2 ;
    %load/vec4 v0x5aa98e2af5a0_0;
    %addi 1, 0, 4;
    %assign/vec4 v0x5aa98e2af5a0_0, 0;
T_0.3 ;
T_0.1 ;
    %jmp T_0;
    .thread T_0;
    .scope S_0x5aa98e29c270;
T_1 ;
    %delay 5, 0;
    %load/vec4 v0x5aa98e2af7d0_0;
    %inv;
    %store/vec4 v0x5aa98e2af7d0_0, 0, 1;
    %jmp T_1;
    .thread T_1;
    .scope S_0x5aa98e29c270;
T_2 ;
    %pushi/vec4 0, 0, 1;
    %store/vec4 v0x5aa98e2af7d0_0, 0, 1;
    %pushi/vec4 1, 0, 1;
    %store/vec4 v0x5aa98e2af970_0, 0, 1;
    %vpi_call 2 13 "$monitor", "time = %0t|rst = %b|count = %b|", $time, v0x5aa98e2af970_0, v0x5aa98e2af8a0_0 {0 0 0};
    %delay 10, 0;
    %pushi/vec4 0, 0, 1;
    %store/vec4 v0x5aa98e2af970_0, 0, 1;
    %delay 110, 0;
    %vpi_call 2 18 "$finish" {0 0 0};
    %end;
    .thread T_2;
    .scope S_0x5aa98e29c270;
T_3 ;
    %vpi_call 2 21 "$dumpfile", "mod_n_counter.vcd" {0 0 0};
    %vpi_call 2 22 "$dumpvars", 32'sb00000000000000000000000000000000, S_0x5aa98e29c270 {0 0 0};
    %end;
    .thread T_3;
# The file index is used to find the file name in the following table.
:file_names 4;
    "N/A";
    "<interactive>";
    "mod_n_counter_tb.v";
    "mod_n_counter.v";
