#! /usr/bin/vvp
:ivl_version "12.0 (stable)";
:ivl_delay_selection "TYPICAL";
:vpi_time_precision + 0;
:vpi_module "/usr/lib/x86_64-linux-gnu/ivl/system.vpi";
:vpi_module "/usr/lib/x86_64-linux-gnu/ivl/vhdl_sys.vpi";
:vpi_module "/usr/lib/x86_64-linux-gnu/ivl/vhdl_textio.vpi";
:vpi_module "/usr/lib/x86_64-linux-gnu/ivl/v2005_math.vpi";
:vpi_module "/usr/lib/x86_64-linux-gnu/ivl/va_math.vpi";
S_0x61413e4f31a0 .scope module, "clk_50_10_tb" "clk_50_10_tb" 2 1;
 .timescale 0 0;
v0x61413e505e90_0 .var "clk", 0 0;
v0x61413e505f60_0 .net "clk_out", 0 0, v0x61413e505bd0_0;  1 drivers
v0x61413e506030_0 .var "rst", 0 0;
S_0x61413e4f3330 .scope module, "clk_10" "clk_50_10" 2 4, 3 1 0, S_0x61413e4f31a0;
 .timescale 0 0;
    .port_info 0 /INPUT 1 "clk";
    .port_info 1 /INPUT 1 "rst";
    .port_info 2 /OUTPUT 1 "clk_out";
v0x61413e4f3580_0 .net "clk", 0 0, v0x61413e505e90_0;  1 drivers
v0x61413e505bd0_0 .var "clk_out", 0 0;
v0x61413e505c90_0 .var "count", 2 0;
v0x61413e505d50_0 .net "rst", 0 0, v0x61413e506030_0;  1 drivers
E_0x61413e4b96a0 .event negedge, v0x61413e505d50_0, v0x61413e4f3580_0;
E_0x61413e4b8e00/0 .event negedge, v0x61413e505d50_0;
E_0x61413e4b8e00/1 .event posedge, v0x61413e4f3580_0;
E_0x61413e4b8e00 .event/or E_0x61413e4b8e00/0, E_0x61413e4b8e00/1;
    .scope S_0x61413e4f3330;
T_0 ;
    %wait E_0x61413e4b8e00;
    %load/vec4 v0x61413e505d50_0;
    %nor/r;
    %flag_set/vec4 8;
    %jmp/0xz  T_0.0, 8;
    %pushi/vec4 0, 0, 3;
    %assign/vec4 v0x61413e505c90_0, 0;
    %jmp T_0.1;
T_0.0 ;
    %load/vec4 v0x61413e505c90_0;
    %cmpi/e 4, 0, 3;
    %jmp/0xz  T_0.2, 4;
    %pushi/vec4 0, 0, 3;
    %assign/vec4 v0x61413e505c90_0, 0;
    %pushi/vec4 0, 0, 1;
    %store/vec4 v0x61413e505bd0_0, 0, 1;
    %jmp T_0.3;
T_0.2 ;
    %load/vec4 v0x61413e505c90_0;
    %addi 1, 0, 3;
    %assign/vec4 v0x61413e505c90_0, 0;
T_0.3 ;
T_0.1 ;
    %jmp T_0;
    .thread T_0;
    .scope S_0x61413e4f3330;
T_1 ;
    %wait E_0x61413e4b96a0;
    %load/vec4 v0x61413e505d50_0;
    %nor/r;
    %flag_set/vec4 8;
    %jmp/0xz  T_1.0, 8;
    %pushi/vec4 0, 0, 1;
    %assign/vec4 v0x61413e505bd0_0, 0;
    %jmp T_1.1;
T_1.0 ;
    %load/vec4 v0x61413e505c90_0;
    %cmpi/e 2, 0, 3;
    %jmp/0xz  T_1.2, 4;
    %load/vec4 v0x61413e505bd0_0;
    %inv;
    %assign/vec4 v0x61413e505bd0_0, 0;
T_1.2 ;
T_1.1 ;
    %jmp T_1;
    .thread T_1;
    .scope S_0x61413e4f31a0;
T_2 ;
    %vpi_call 2 10 "$dumpfile", "clk_10.vcd" {0 0 0};
    %vpi_call 2 11 "$dumpvars", 32'sb00000000000000000000000000000000, S_0x61413e4f31a0 {0 0 0};
    %end;
    .thread T_2;
    .scope S_0x61413e4f31a0;
T_3 ;
    %pushi/vec4 0, 0, 1;
    %store/vec4 v0x61413e505e90_0, 0, 1;
    %end;
    .thread T_3;
    .scope S_0x61413e4f31a0;
T_4 ;
    %delay 10, 0;
    %load/vec4 v0x61413e505e90_0;
    %inv;
    %store/vec4 v0x61413e505e90_0, 0, 1;
    %jmp T_4;
    .thread T_4;
    .scope S_0x61413e4f31a0;
T_5 ;
    %vpi_call 2 16 "$monitor", "clk=%b|rst=1||clk_out=%b", v0x61413e505e90_0, v0x61413e506030_0, v0x61413e505f60_0 {0 0 0};
    %pushi/vec4 0, 0, 1;
    %store/vec4 v0x61413e506030_0, 0, 1;
    %delay 5, 0;
    %pushi/vec4 1, 0, 1;
    %store/vec4 v0x61413e506030_0, 0, 1;
    %delay 500, 0;
    %vpi_call 2 21 "$finish" {0 0 0};
    %end;
    .thread T_5;
# The file index is used to find the file name in the following table.
:file_names 4;
    "N/A";
    "<interactive>";
    "clk_50_10_tb.v";
    "clk_50_10.v";
