#! /usr/bin/vvp
:ivl_version "12.0 (stable)";
:ivl_delay_selection "TYPICAL";
:vpi_time_precision + 0;
:vpi_module "/usr/lib/x86_64-linux-gnu/ivl/system.vpi";
:vpi_module "/usr/lib/x86_64-linux-gnu/ivl/vhdl_sys.vpi";
:vpi_module "/usr/lib/x86_64-linux-gnu/ivl/vhdl_textio.vpi";
:vpi_module "/usr/lib/x86_64-linux-gnu/ivl/v2005_math.vpi";
:vpi_module "/usr/lib/x86_64-linux-gnu/ivl/va_math.vpi";
S_0x60f809136ff0 .scope module, "up_count_tb" "up_count_tb" 2 1;
 .timescale 0 0;
v0x60f80915ea00_0 .var "clk", 0 0;
v0x60f80915eaa0_0 .net "count", 3 0, v0x60f80915e7e0_0;  1 drivers
v0x60f80915eb70_0 .var "rst", 0 0;
S_0x60f809148560 .scope module, "up_dut" "up_count" 2 4, 3 1 0, S_0x60f809136ff0;
 .timescale 0 0;
    .port_info 0 /INPUT 1 "clk";
    .port_info 1 /INPUT 1 "rst";
    .port_info 2 /OUTPUT 4 "q";
L_0x60f80915ed40 .functor NOT 1, L_0x60f80915ec70, C4<0>, C4<0>, C4<0>;
L_0x60f80915eea0 .functor NOT 1, L_0x60f80915ee00, C4<0>, C4<0>, C4<0>;
L_0x60f80915f0c0 .functor NOT 1, L_0x60f80915ef90, C4<0>, C4<0>, C4<0>;
v0x60f809148820_0 .net *"_ivl_12", 0 0, L_0x60f80915ee00;  1 drivers
v0x60f80915e290_0 .net *"_ivl_13", 0 0, L_0x60f80915eea0;  1 drivers
v0x60f80915e370_0 .net *"_ivl_19", 0 0, L_0x60f80915ef90;  1 drivers
v0x60f80915e430_0 .net *"_ivl_20", 0 0, L_0x60f80915f0c0;  1 drivers
v0x60f80915e510_0 .net *"_ivl_5", 0 0, L_0x60f80915ec70;  1 drivers
v0x60f80915e640_0 .net *"_ivl_6", 0 0, L_0x60f80915ed40;  1 drivers
v0x60f80915e720_0 .net "clk", 0 0, v0x60f80915ea00_0;  1 drivers
v0x60f80915e7e0_0 .var "q", 3 0;
v0x60f80915e8c0_0 .net "rst", 0 0, v0x60f80915eb70_0;  1 drivers
E_0x60f80910d6a0 .event posedge, v0x60f80915e8c0_0, L_0x60f80915f0c0;
E_0x60f80910cf50 .event posedge, v0x60f80915e8c0_0, L_0x60f80915eea0;
E_0x60f80910cb60 .event posedge, v0x60f80915e8c0_0, L_0x60f80915ed40;
E_0x60f8091301d0 .event posedge, v0x60f80915e8c0_0, v0x60f80915e720_0;
L_0x60f80915ec70 .part v0x60f80915e7e0_0, 0, 1;
L_0x60f80915ee00 .part v0x60f80915e7e0_0, 1, 1;
L_0x60f80915ef90 .part v0x60f80915e7e0_0, 2, 1;
    .scope S_0x60f809148560;
T_0 ;
    %wait E_0x60f8091301d0;
    %load/vec4 v0x60f80915e8c0_0;
    %flag_set/vec4 8;
    %jmp/0xz  T_0.0, 8;
    %pushi/vec4 0, 0, 1;
    %ix/load 4, 0, 0;
    %ix/load 5, 0, 0;
    %flag_set/imm 4, 0;
    %assign/vec4/off/d v0x60f80915e7e0_0, 4, 5;
    %jmp T_0.1;
T_0.0 ;
    %load/vec4 v0x60f80915e7e0_0;
    %parti/s 1, 0, 2;
    %inv;
    %ix/load 4, 0, 0;
    %ix/load 5, 0, 0;
    %flag_set/imm 4, 0;
    %assign/vec4/off/d v0x60f80915e7e0_0, 4, 5;
T_0.1 ;
    %jmp T_0;
    .thread T_0;
    .scope S_0x60f809148560;
T_1 ;
    %wait E_0x60f80910cb60;
    %load/vec4 v0x60f80915e8c0_0;
    %flag_set/vec4 8;
    %jmp/0xz  T_1.0, 8;
    %pushi/vec4 0, 0, 1;
    %ix/load 4, 1, 0;
    %ix/load 5, 0, 0;
    %flag_set/imm 4, 0;
    %assign/vec4/off/d v0x60f80915e7e0_0, 4, 5;
    %jmp T_1.1;
T_1.0 ;
    %load/vec4 v0x60f80915e7e0_0;
    %parti/s 1, 1, 2;
    %inv;
    %ix/load 4, 1, 0;
    %ix/load 5, 0, 0;
    %flag_set/imm 4, 0;
    %assign/vec4/off/d v0x60f80915e7e0_0, 4, 5;
T_1.1 ;
    %jmp T_1;
    .thread T_1;
    .scope S_0x60f809148560;
T_2 ;
    %wait E_0x60f80910cf50;
    %load/vec4 v0x60f80915e8c0_0;
    %flag_set/vec4 8;
    %jmp/0xz  T_2.0, 8;
    %pushi/vec4 0, 0, 1;
    %ix/load 4, 2, 0;
    %ix/load 5, 0, 0;
    %flag_set/imm 4, 0;
    %assign/vec4/off/d v0x60f80915e7e0_0, 4, 5;
    %jmp T_2.1;
T_2.0 ;
    %load/vec4 v0x60f80915e7e0_0;
    %parti/s 1, 2, 3;
    %inv;
    %ix/load 4, 2, 0;
    %ix/load 5, 0, 0;
    %flag_set/imm 4, 0;
    %assign/vec4/off/d v0x60f80915e7e0_0, 4, 5;
T_2.1 ;
    %jmp T_2;
    .thread T_2;
    .scope S_0x60f809148560;
T_3 ;
    %wait E_0x60f80910d6a0;
    %load/vec4 v0x60f80915e8c0_0;
    %flag_set/vec4 8;
    %jmp/0xz  T_3.0, 8;
    %pushi/vec4 0, 0, 1;
    %ix/load 4, 3, 0;
    %ix/load 5, 0, 0;
    %flag_set/imm 4, 0;
    %assign/vec4/off/d v0x60f80915e7e0_0, 4, 5;
    %jmp T_3.1;
T_3.0 ;
    %load/vec4 v0x60f80915e7e0_0;
    %parti/s 1, 3, 3;
    %inv;
    %ix/load 4, 3, 0;
    %ix/load 5, 0, 0;
    %flag_set/imm 4, 0;
    %assign/vec4/off/d v0x60f80915e7e0_0, 4, 5;
T_3.1 ;
    %jmp T_3;
    .thread T_3;
    .scope S_0x60f809136ff0;
T_4 ;
    %delay 5, 0;
    %load/vec4 v0x60f80915ea00_0;
    %inv;
    %store/vec4 v0x60f80915ea00_0, 0, 1;
    %jmp T_4;
    .thread T_4;
    .scope S_0x60f809136ff0;
T_5 ;
    %pushi/vec4 0, 0, 1;
    %store/vec4 v0x60f80915ea00_0, 0, 1;
    %pushi/vec4 1, 0, 1;
    %store/vec4 v0x60f80915eb70_0, 0, 1;
    %vpi_call 2 9 "$monitor", "time = %0t|clk = %b|rst = %b|count = %b|", $time, v0x60f80915ea00_0, v0x60f80915eb70_0, v0x60f80915eaa0_0 {0 0 0};
    %delay 10, 0;
    %pushi/vec4 0, 0, 1;
    %store/vec4 v0x60f80915eb70_0, 0, 1;
    %delay 155, 0;
    %vpi_call 2 12 "$finish" {0 0 0};
    %end;
    .thread T_5;
    .scope S_0x60f809136ff0;
T_6 ;
    %vpi_call 2 15 "$dumpfile", "up_count.vcd" {0 0 0};
    %vpi_call 2 16 "$dumpvars", 32'sb00000000000000000000000000000000, S_0x60f809136ff0 {0 0 0};
    %end;
    .thread T_6;
# The file index is used to find the file name in the following table.
:file_names 4;
    "N/A";
    "<interactive>";
    "up_counter_tb.v";
    "up_counter.v";
