#! /usr/bin/vvp
:ivl_version "12.0 (stable)";
:ivl_delay_selection "TYPICAL";
:vpi_time_precision + 0;
:vpi_module "/usr/lib/x86_64-linux-gnu/ivl/system.vpi";
:vpi_module "/usr/lib/x86_64-linux-gnu/ivl/vhdl_sys.vpi";
:vpi_module "/usr/lib/x86_64-linux-gnu/ivl/vhdl_textio.vpi";
:vpi_module "/usr/lib/x86_64-linux-gnu/ivl/v2005_math.vpi";
:vpi_module "/usr/lib/x86_64-linux-gnu/ivl/va_math.vpi";
S_0x5e51096ab860 .scope module, "seq_1010_tb" "seq_1010_tb" 2 1;
 .timescale 0 0;
v0x5e51096d60b0_0 .var "clk", 0 0;
v0x5e51096d6170_0 .var "rst", 0 0;
v0x5e51096d6240_0 .var "x", 0 0;
v0x5e51096d6340_0 .net "z", 0 0, L_0x5e51096e6b80;  1 drivers
S_0x5e51096bb640 .scope module, "dut" "seq_1010" 2 4, 3 1 0, S_0x5e51096ab860;
 .timescale 0 0;
    .port_info 0 /INPUT 1 "clk";
    .port_info 1 /INPUT 1 "rst";
    .port_info 2 /INPUT 1 "x";
    .port_info 3 /OUTPUT 1 "z";
P_0x5e51096a9550 .param/l "s0" 0 3 2, C4<00>;
P_0x5e51096a9590 .param/l "s1" 0 3 3, C4<01>;
P_0x5e51096a95d0 .param/l "s2" 0 3 4, C4<10>;
P_0x5e51096a9610 .param/l "s3" 0 3 5, C4<11>;
L_0x5e51096e6860 .functor AND 1, L_0x5e51096d6440, L_0x5e51096e66f0, C4<1>, C4<1>;
L_0x7f153f840018 .functor BUFT 1, C4<11>, C4<0>, C4<0>, C4<0>;
v0x5e51096bbd10_0 .net/2u *"_ivl_0", 1 0, L_0x7f153f840018;  1 drivers
v0x5e51096bbe90_0 .net *"_ivl_10", 0 0, L_0x5e51096e66f0;  1 drivers
v0x5e51096d5480_0 .net *"_ivl_13", 0 0, L_0x5e51096e6860;  1 drivers
L_0x7f153f8400f0 .functor BUFT 1, C4<01>, C4<0>, C4<0>, C4<0>;
v0x5e51096d5520_0 .net/2s *"_ivl_14", 1 0, L_0x7f153f8400f0;  1 drivers
L_0x7f153f840138 .functor BUFT 1, C4<00>, C4<0>, C4<0>, C4<0>;
v0x5e51096d5600_0 .net/2s *"_ivl_16", 1 0, L_0x7f153f840138;  1 drivers
v0x5e51096d5730_0 .net *"_ivl_18", 1 0, L_0x5e51096e69c0;  1 drivers
v0x5e51096d5810_0 .net *"_ivl_2", 0 0, L_0x5e51096d6440;  1 drivers
v0x5e51096d58d0_0 .net *"_ivl_4", 31 0, L_0x5e51096d6540;  1 drivers
L_0x7f153f840060 .functor BUFT 1, C4<0000000000000000000000000000000>, C4<0>, C4<0>, C4<0>;
v0x5e51096d59b0_0 .net *"_ivl_7", 30 0, L_0x7f153f840060;  1 drivers
L_0x7f153f8400a8 .functor BUFT 1, C4<00000000000000000000000000000000>, C4<0>, C4<0>, C4<0>;
v0x5e51096d5a90_0 .net/2u *"_ivl_8", 31 0, L_0x7f153f8400a8;  1 drivers
v0x5e51096d5b70_0 .net "clk", 0 0, v0x5e51096d60b0_0;  1 drivers
v0x5e51096d5c30_0 .var "next_state", 1 0;
v0x5e51096d5d10_0 .var "present_state", 1 0;
v0x5e51096d5df0_0 .net "rst", 0 0, v0x5e51096d6170_0;  1 drivers
v0x5e51096d5eb0_0 .net "x", 0 0, v0x5e51096d6240_0;  1 drivers
v0x5e51096d5f70_0 .net "z", 0 0, L_0x5e51096e6b80;  alias, 1 drivers
E_0x5e510967fb60 .event anyedge, v0x5e51096d5d10_0, v0x5e51096d5eb0_0;
E_0x5e510967fdc0 .event posedge, v0x5e51096d5df0_0, v0x5e51096d5b70_0;
L_0x5e51096d6440 .cmp/eq 2, v0x5e51096d5d10_0, L_0x7f153f840018;
L_0x5e51096d6540 .concat [ 1 31 0 0], v0x5e51096d6240_0, L_0x7f153f840060;
L_0x5e51096e66f0 .cmp/eq 32, L_0x5e51096d6540, L_0x7f153f8400a8;
L_0x5e51096e69c0 .functor MUXZ 2, L_0x7f153f840138, L_0x7f153f8400f0, L_0x5e51096e6860, C4<>;
L_0x5e51096e6b80 .part L_0x5e51096e69c0, 0, 1;
    .scope S_0x5e51096bb640;
T_0 ;
    %wait E_0x5e510967fdc0;
    %load/vec4 v0x5e51096d5df0_0;
    %flag_set/vec4 8;
    %jmp/0xz  T_0.0, 8;
    %pushi/vec4 0, 0, 2;
    %assign/vec4 v0x5e51096d5d10_0, 0;
    %jmp T_0.1;
T_0.0 ;
    %load/vec4 v0x5e51096d5c30_0;
    %assign/vec4 v0x5e51096d5d10_0, 0;
T_0.1 ;
    %jmp T_0;
    .thread T_0;
    .scope S_0x5e51096bb640;
T_1 ;
    %wait E_0x5e510967fb60;
    %load/vec4 v0x5e51096d5d10_0;
    %dup/vec4;
    %pushi/vec4 0, 0, 2;
    %cmp/u;
    %jmp/1 T_1.0, 6;
    %dup/vec4;
    %pushi/vec4 1, 0, 2;
    %cmp/u;
    %jmp/1 T_1.1, 6;
    %dup/vec4;
    %pushi/vec4 2, 0, 2;
    %cmp/u;
    %jmp/1 T_1.2, 6;
    %dup/vec4;
    %pushi/vec4 3, 0, 2;
    %cmp/u;
    %jmp/1 T_1.3, 6;
    %pushi/vec4 0, 0, 2;
    %store/vec4 v0x5e51096d5c30_0, 0, 2;
    %jmp T_1.5;
T_1.0 ;
    %load/vec4 v0x5e51096d5eb0_0;
    %flag_set/vec4 8;
    %jmp/0 T_1.6, 8;
    %pushi/vec4 1, 0, 2;
    %jmp/1 T_1.7, 8;
T_1.6 ; End of true expr.
    %pushi/vec4 0, 0, 2;
    %jmp/0 T_1.7, 8;
 ; End of false expr.
    %blend;
T_1.7;
    %store/vec4 v0x5e51096d5c30_0, 0, 2;
    %jmp T_1.5;
T_1.1 ;
    %load/vec4 v0x5e51096d5eb0_0;
    %flag_set/vec4 8;
    %jmp/0 T_1.8, 8;
    %pushi/vec4 1, 0, 2;
    %jmp/1 T_1.9, 8;
T_1.8 ; End of true expr.
    %pushi/vec4 2, 0, 2;
    %jmp/0 T_1.9, 8;
 ; End of false expr.
    %blend;
T_1.9;
    %store/vec4 v0x5e51096d5c30_0, 0, 2;
    %jmp T_1.5;
T_1.2 ;
    %load/vec4 v0x5e51096d5eb0_0;
    %flag_set/vec4 8;
    %jmp/0 T_1.10, 8;
    %pushi/vec4 3, 0, 2;
    %jmp/1 T_1.11, 8;
T_1.10 ; End of true expr.
    %pushi/vec4 0, 0, 2;
    %jmp/0 T_1.11, 8;
 ; End of false expr.
    %blend;
T_1.11;
    %store/vec4 v0x5e51096d5c30_0, 0, 2;
    %jmp T_1.5;
T_1.3 ;
    %load/vec4 v0x5e51096d5eb0_0;
    %flag_set/vec4 8;
    %jmp/0 T_1.12, 8;
    %pushi/vec4 1, 0, 2;
    %jmp/1 T_1.13, 8;
T_1.12 ; End of true expr.
    %pushi/vec4 0, 0, 2;
    %jmp/0 T_1.13, 8;
 ; End of false expr.
    %blend;
T_1.13;
    %store/vec4 v0x5e51096d5c30_0, 0, 2;
    %jmp T_1.5;
T_1.5 ;
    %pop/vec4 1;
    %jmp T_1;
    .thread T_1, $push;
    .scope S_0x5e51096ab860;
T_2 ;
    %pushi/vec4 0, 0, 1;
    %store/vec4 v0x5e51096d60b0_0, 0, 1;
    %end;
    .thread T_2;
    .scope S_0x5e51096ab860;
T_3 ;
    %delay 5, 0;
    %load/vec4 v0x5e51096d60b0_0;
    %inv;
    %store/vec4 v0x5e51096d60b0_0, 0, 1;
    %jmp T_3;
    .thread T_3;
    .scope S_0x5e51096ab860;
T_4 ;
    %vpi_call 2 13 "$monitor", "rst = %b| x = %0b | z = %0b", v0x5e51096d6170_0, v0x5e51096d6240_0, v0x5e51096d6340_0 {0 0 0};
    %pushi/vec4 1, 0, 1;
    %store/vec4 v0x5e51096d6170_0, 0, 1;
    %pushi/vec4 0, 0, 1;
    %store/vec4 v0x5e51096d6240_0, 0, 1;
    %delay 12, 0;
    %pushi/vec4 0, 0, 1;
    %store/vec4 v0x5e51096d6170_0, 0, 1;
    %delay 7, 0;
    %pushi/vec4 1, 0, 1;
    %store/vec4 v0x5e51096d6240_0, 0, 1;
    %delay 10, 0;
    %pushi/vec4 0, 0, 1;
    %store/vec4 v0x5e51096d6240_0, 0, 1;
    %delay 10, 0;
    %pushi/vec4 1, 0, 1;
    %store/vec4 v0x5e51096d6240_0, 0, 1;
    %delay 10, 0;
    %pushi/vec4 0, 0, 1;
    %store/vec4 v0x5e51096d6240_0, 0, 1;
    %delay 10, 0;
    %pushi/vec4 1, 0, 1;
    %store/vec4 v0x5e51096d6240_0, 0, 1;
    %delay 10, 0;
    %pushi/vec4 0, 0, 1;
    %store/vec4 v0x5e51096d6240_0, 0, 1;
    %delay 10, 0;
    %pushi/vec4 1, 0, 1;
    %store/vec4 v0x5e51096d6240_0, 0, 1;
    %delay 10, 0;
    %pushi/vec4 0, 0, 1;
    %store/vec4 v0x5e51096d6240_0, 0, 1;
    %delay 10, 0;
    %pushi/vec4 1, 0, 1;
    %store/vec4 v0x5e51096d6240_0, 0, 1;
    %delay 10, 0;
    %pushi/vec4 0, 0, 1;
    %store/vec4 v0x5e51096d6240_0, 0, 1;
    %delay 10, 0;
    %pushi/vec4 1, 0, 1;
    %store/vec4 v0x5e51096d6240_0, 0, 1;
    %delay 10, 0;
    %pushi/vec4 0, 0, 1;
    %store/vec4 v0x5e51096d6240_0, 0, 1;
    %delay 10, 0;
    %pushi/vec4 1, 0, 1;
    %store/vec4 v0x5e51096d6240_0, 0, 1;
    %delay 10, 0;
    %pushi/vec4 0, 0, 1;
    %store/vec4 v0x5e51096d6240_0, 0, 1;
    %delay 10, 0;
    %vpi_call 2 32 "$finish" {0 0 0};
    %end;
    .thread T_4;
    .scope S_0x5e51096ab860;
T_5 ;
    %vpi_call 2 35 "$dumpfile", "seq_1010.vcd" {0 0 0};
    %vpi_call 2 36 "$dumpvars", 32'sb00000000000000000000000000000000, S_0x5e51096ab860 {0 0 0};
    %end;
    .thread T_5;
# The file index is used to find the file name in the following table.
:file_names 4;
    "N/A";
    "<interactive>";
    "1010_seq_tb.v";
    "1010_seq.v";
