#! /usr/bin/vvp
:ivl_version "12.0 (stable)";
:ivl_delay_selection "TYPICAL";
:vpi_time_precision + 0;
:vpi_module "/usr/lib/x86_64-linux-gnu/ivl/system.vpi";
:vpi_module "/usr/lib/x86_64-linux-gnu/ivl/vhdl_sys.vpi";
:vpi_module "/usr/lib/x86_64-linux-gnu/ivl/vhdl_textio.vpi";
:vpi_module "/usr/lib/x86_64-linux-gnu/ivl/v2005_math.vpi";
:vpi_module "/usr/lib/x86_64-linux-gnu/ivl/va_math.vpi";
S_0x6158984cd2f0 .scope module, "seq_1010_tb" "seq_1010_tb" 2 1;
 .timescale 0 0;
v0x6158984f7130_0 .var "clk", 0 0;
v0x6158984f71f0_0 .var "rst", 0 0;
v0x6158984f72c0_0 .var "x", 0 0;
v0x6158984f73c0_0 .net "z", 0 0, v0x6158984f6ff0_0;  1 drivers
S_0x6158984dfd40 .scope module, "dut" "seq_1010" 2 4, 3 1 0, S_0x6158984cd2f0;
 .timescale 0 0;
    .port_info 0 /INPUT 1 "clk";
    .port_info 1 /INPUT 1 "rst";
    .port_info 2 /INPUT 1 "x";
    .port_info 3 /OUTPUT 1 "z";
P_0x6158984dff20 .param/l "s0" 0 3 2, C4<000>;
P_0x6158984dff60 .param/l "s1" 0 3 3, C4<001>;
P_0x6158984dffa0 .param/l "s2" 0 3 4, C4<010>;
P_0x6158984dffe0 .param/l "s3" 0 3 5, C4<011>;
P_0x6158984e0020 .param/l "s4" 0 3 6, C4<100>;
v0x6158984e05e0_0 .net "clk", 0 0, v0x6158984f7130_0;  1 drivers
v0x6158984f6c50_0 .var "next_state", 2 0;
v0x6158984f6d30_0 .var "present_state", 2 0;
v0x6158984f6e20_0 .net "rst", 0 0, v0x6158984f71f0_0;  1 drivers
v0x6158984f6ee0_0 .net "x", 0 0, v0x6158984f72c0_0;  1 drivers
v0x6158984f6ff0_0 .var "z", 0 0;
E_0x6158984a3b60 .event anyedge, v0x6158984f6d30_0;
E_0x6158984a3dc0 .event anyedge, v0x6158984f6d30_0, v0x6158984f6ee0_0;
E_0x6158984a4060 .event posedge, v0x6158984f6e20_0, v0x6158984e05e0_0;
    .scope S_0x6158984dfd40;
T_0 ;
    %wait E_0x6158984a4060;
    %load/vec4 v0x6158984f6e20_0;
    %flag_set/vec4 8;
    %jmp/0xz  T_0.0, 8;
    %pushi/vec4 0, 0, 3;
    %assign/vec4 v0x6158984f6d30_0, 0;
    %jmp T_0.1;
T_0.0 ;
    %load/vec4 v0x6158984f6c50_0;
    %assign/vec4 v0x6158984f6d30_0, 0;
T_0.1 ;
    %jmp T_0;
    .thread T_0;
    .scope S_0x6158984dfd40;
T_1 ;
    %wait E_0x6158984a3dc0;
    %load/vec4 v0x6158984f6d30_0;
    %dup/vec4;
    %pushi/vec4 0, 0, 3;
    %cmp/u;
    %jmp/1 T_1.0, 6;
    %dup/vec4;
    %pushi/vec4 1, 0, 3;
    %cmp/u;
    %jmp/1 T_1.1, 6;
    %dup/vec4;
    %pushi/vec4 2, 0, 3;
    %cmp/u;
    %jmp/1 T_1.2, 6;
    %dup/vec4;
    %pushi/vec4 3, 0, 3;
    %cmp/u;
    %jmp/1 T_1.3, 6;
    %dup/vec4;
    %pushi/vec4 4, 0, 3;
    %cmp/u;
    %jmp/1 T_1.4, 6;
    %pushi/vec4 0, 0, 3;
    %store/vec4 v0x6158984f6c50_0, 0, 3;
    %jmp T_1.6;
T_1.0 ;
    %load/vec4 v0x6158984f6ee0_0;
    %flag_set/vec4 8;
    %jmp/0 T_1.7, 8;
    %pushi/vec4 1, 0, 3;
    %jmp/1 T_1.8, 8;
T_1.7 ; End of true expr.
    %pushi/vec4 0, 0, 3;
    %jmp/0 T_1.8, 8;
 ; End of false expr.
    %blend;
T_1.8;
    %store/vec4 v0x6158984f6c50_0, 0, 3;
    %jmp T_1.6;
T_1.1 ;
    %load/vec4 v0x6158984f6ee0_0;
    %flag_set/vec4 8;
    %jmp/0 T_1.9, 8;
    %pushi/vec4 1, 0, 3;
    %jmp/1 T_1.10, 8;
T_1.9 ; End of true expr.
    %pushi/vec4 2, 0, 3;
    %jmp/0 T_1.10, 8;
 ; End of false expr.
    %blend;
T_1.10;
    %store/vec4 v0x6158984f6c50_0, 0, 3;
    %jmp T_1.6;
T_1.2 ;
    %load/vec4 v0x6158984f6ee0_0;
    %flag_set/vec4 8;
    %jmp/0 T_1.11, 8;
    %pushi/vec4 3, 0, 3;
    %jmp/1 T_1.12, 8;
T_1.11 ; End of true expr.
    %pushi/vec4 0, 0, 3;
    %jmp/0 T_1.12, 8;
 ; End of false expr.
    %blend;
T_1.12;
    %store/vec4 v0x6158984f6c50_0, 0, 3;
    %jmp T_1.6;
T_1.3 ;
    %load/vec4 v0x6158984f6ee0_0;
    %flag_set/vec4 8;
    %jmp/0 T_1.13, 8;
    %pushi/vec4 1, 0, 3;
    %jmp/1 T_1.14, 8;
T_1.13 ; End of true expr.
    %pushi/vec4 4, 0, 3;
    %jmp/0 T_1.14, 8;
 ; End of false expr.
    %blend;
T_1.14;
    %store/vec4 v0x6158984f6c50_0, 0, 3;
    %jmp T_1.6;
T_1.4 ;
    %load/vec4 v0x6158984f6ee0_0;
    %flag_set/vec4 8;
    %jmp/0 T_1.15, 8;
    %pushi/vec4 3, 0, 3;
    %jmp/1 T_1.16, 8;
T_1.15 ; End of true expr.
    %pushi/vec4 0, 0, 3;
    %jmp/0 T_1.16, 8;
 ; End of false expr.
    %blend;
T_1.16;
    %store/vec4 v0x6158984f6c50_0, 0, 3;
    %jmp T_1.6;
T_1.6 ;
    %pop/vec4 1;
    %jmp T_1;
    .thread T_1, $push;
    .scope S_0x6158984dfd40;
T_2 ;
    %wait E_0x6158984a3b60;
    %load/vec4 v0x6158984f6d30_0;
    %pushi/vec4 4, 0, 3;
    %cmp/e;
    %flag_get/vec4 4;
    %store/vec4 v0x6158984f6ff0_0, 0, 1;
    %jmp T_2;
    .thread T_2, $push;
    .scope S_0x6158984cd2f0;
T_3 ;
    %pushi/vec4 0, 0, 1;
    %store/vec4 v0x6158984f7130_0, 0, 1;
    %end;
    .thread T_3;
    .scope S_0x6158984cd2f0;
T_4 ;
    %delay 5, 0;
    %load/vec4 v0x6158984f7130_0;
    %inv;
    %store/vec4 v0x6158984f7130_0, 0, 1;
    %jmp T_4;
    .thread T_4;
    .scope S_0x6158984cd2f0;
T_5 ;
    %vpi_call 2 13 "$monitor", "rst = %0b | x = %0b | z = %0b", v0x6158984f71f0_0, v0x6158984f72c0_0, v0x6158984f73c0_0 {0 0 0};
    %pushi/vec4 1, 0, 1;
    %store/vec4 v0x6158984f71f0_0, 0, 1;
    %pushi/vec4 0, 0, 1;
    %store/vec4 v0x6158984f72c0_0, 0, 1;
    %delay 12, 0;
    %pushi/vec4 0, 0, 1;
    %store/vec4 v0x6158984f71f0_0, 0, 1;
    %delay 7, 0;
    %pushi/vec4 1, 0, 1;
    %store/vec4 v0x6158984f72c0_0, 0, 1;
    %delay 10, 0;
    %pushi/vec4 0, 0, 1;
    %store/vec4 v0x6158984f72c0_0, 0, 1;
    %delay 10, 0;
    %pushi/vec4 1, 0, 1;
    %store/vec4 v0x6158984f72c0_0, 0, 1;
    %delay 10, 0;
    %pushi/vec4 0, 0, 1;
    %store/vec4 v0x6158984f72c0_0, 0, 1;
    %delay 10, 0;
    %pushi/vec4 1, 0, 1;
    %store/vec4 v0x6158984f72c0_0, 0, 1;
    %delay 10, 0;
    %pushi/vec4 0, 0, 1;
    %store/vec4 v0x6158984f72c0_0, 0, 1;
    %delay 10, 0;
    %pushi/vec4 1, 0, 1;
    %store/vec4 v0x6158984f72c0_0, 0, 1;
    %delay 10, 0;
    %pushi/vec4 0, 0, 1;
    %store/vec4 v0x6158984f72c0_0, 0, 1;
    %delay 10, 0;
    %pushi/vec4 1, 0, 1;
    %store/vec4 v0x6158984f72c0_0, 0, 1;
    %delay 20, 0;
    %pushi/vec4 0, 0, 1;
    %store/vec4 v0x6158984f72c0_0, 0, 1;
    %delay 20, 0;
    %vpi_call 2 28 "$finish" {0 0 0};
    %end;
    .thread T_5;
    .scope S_0x6158984cd2f0;
T_6 ;
    %vpi_call 2 31 "$dumpfile", "seq_1010.vcd" {0 0 0};
    %vpi_call 2 32 "$dumpvars", 32'sb00000000000000000000000000000000, S_0x6158984cd2f0 {0 0 0};
    %end;
    .thread T_6;
# The file index is used to find the file name in the following table.
:file_names 4;
    "N/A";
    "<interactive>";
    "1010_seq_tb.v";
    "1010_seq.v";
