#! /usr/bin/vvp
:ivl_version "12.0 (stable)";
:ivl_delay_selection "TYPICAL";
:vpi_time_precision + 0;
:vpi_module "/usr/lib/x86_64-linux-gnu/ivl/system.vpi";
:vpi_module "/usr/lib/x86_64-linux-gnu/ivl/vhdl_sys.vpi";
:vpi_module "/usr/lib/x86_64-linux-gnu/ivl/vhdl_textio.vpi";
:vpi_module "/usr/lib/x86_64-linux-gnu/ivl/v2005_math.vpi";
:vpi_module "/usr/lib/x86_64-linux-gnu/ivl/va_math.vpi";
S_0x58cff020ac50 .scope module, "uni_reg_tb" "uni_reg_tb" 2 1;
 .timescale 0 0;
v0x58cff0223380_0 .var "clk", 0 0;
v0x58cff0223440_0 .var "parallel_in", 3 0;
v0x58cff0223510_0 .net "parallel_out", 3 0, v0x58cff0222e70_0;  1 drivers
v0x58cff0223610_0 .var "rst", 0 0;
v0x58cff02236e0_0 .var "sel", 1 0;
v0x58cff02237d0_0 .var "shift_l_in", 0 0;
v0x58cff02238a0_0 .var "shift_r_in", 0 0;
S_0x58cff020ade0 .scope module, "uni_reg_dut" "uni_reg" 2 6, 3 1 0, S_0x58cff020ac50;
 .timescale 0 0;
    .port_info 0 /INPUT 1 "clk";
    .port_info 1 /INPUT 1 "rst";
    .port_info 2 /INPUT 1 "shift_r_in";
    .port_info 3 /INPUT 1 "shift_l_in";
    .port_info 4 /INPUT 2 "sel";
    .port_info 5 /INPUT 4 "parallel_in";
    .port_info 6 /OUTPUT 4 "parallel_out";
v0x58cff01cf490_0 .net "clk", 0 0, v0x58cff0223380_0;  1 drivers
v0x58cff0222d90_0 .net "parallel_in", 3 0, v0x58cff0223440_0;  1 drivers
v0x58cff0222e70_0 .var "parallel_out", 3 0;
v0x58cff0222f30_0 .net "rst", 0 0, v0x58cff0223610_0;  1 drivers
v0x58cff0222ff0_0 .net "sel", 1 0, v0x58cff02236e0_0;  1 drivers
v0x58cff0223120_0 .net "shift_l_in", 0 0, v0x58cff02237d0_0;  1 drivers
v0x58cff02231e0_0 .net "shift_r_in", 0 0, v0x58cff02238a0_0;  1 drivers
E_0x58cff01cfdc0 .event posedge, v0x58cff01cf490_0;
    .scope S_0x58cff020ade0;
T_0 ;
    %wait E_0x58cff01cfdc0;
    %load/vec4 v0x58cff0222f30_0;
    %flag_set/vec4 8;
    %jmp/0xz  T_0.0, 8;
    %pushi/vec4 0, 0, 4;
    %assign/vec4 v0x58cff0222e70_0, 0;
    %jmp T_0.1;
T_0.0 ;
    %load/vec4 v0x58cff0222ff0_0;
    %dup/vec4;
    %pushi/vec4 0, 0, 2;
    %cmp/u;
    %jmp/1 T_0.2, 6;
    %dup/vec4;
    %pushi/vec4 1, 0, 2;
    %cmp/u;
    %jmp/1 T_0.3, 6;
    %dup/vec4;
    %pushi/vec4 2, 0, 2;
    %cmp/u;
    %jmp/1 T_0.4, 6;
    %dup/vec4;
    %pushi/vec4 3, 0, 2;
    %cmp/u;
    %jmp/1 T_0.5, 6;
    %jmp T_0.6;
T_0.2 ;
    %load/vec4 v0x58cff0222e70_0;
    %assign/vec4 v0x58cff0222e70_0, 0;
    %jmp T_0.6;
T_0.3 ;
    %load/vec4 v0x58cff02231e0_0;
    %load/vec4 v0x58cff0222e70_0;
    %parti/s 3, 1, 2;
    %concat/vec4; draw_concat_vec4
    %assign/vec4 v0x58cff0222e70_0, 0;
    %jmp T_0.6;
T_0.4 ;
    %load/vec4 v0x58cff0222e70_0;
    %parti/s 3, 0, 2;
    %load/vec4 v0x58cff0223120_0;
    %concat/vec4; draw_concat_vec4
    %assign/vec4 v0x58cff0222e70_0, 0;
    %jmp T_0.6;
T_0.5 ;
    %load/vec4 v0x58cff0222d90_0;
    %assign/vec4 v0x58cff0222e70_0, 0;
    %jmp T_0.6;
T_0.6 ;
    %pop/vec4 1;
T_0.1 ;
    %jmp T_0;
    .thread T_0;
    .scope S_0x58cff020ac50;
T_1 ;
    %delay 5, 0;
    %load/vec4 v0x58cff0223380_0;
    %inv;
    %store/vec4 v0x58cff0223380_0, 0, 1;
    %jmp T_1;
    .thread T_1;
    .scope S_0x58cff020ac50;
T_2 ;
    %pushi/vec4 0, 0, 1;
    %store/vec4 v0x58cff0223380_0, 0, 1;
    %pushi/vec4 1, 0, 1;
    %store/vec4 v0x58cff0223610_0, 0, 1;
    %pushi/vec4 0, 0, 1;
    %store/vec4 v0x58cff02238a0_0, 0, 1;
    %pushi/vec4 0, 0, 1;
    %store/vec4 v0x58cff02237d0_0, 0, 1;
    %pushi/vec4 0, 0, 4;
    %store/vec4 v0x58cff0223440_0, 0, 4;
    %pushi/vec4 0, 0, 2;
    %store/vec4 v0x58cff02236e0_0, 0, 2;
    %vpi_call 2 15 "$monitor", "time = %0t|rst = %b|shift_r_in = %b|shift_l_in = %b|parallel_in = %b|parallel_out = %b", $time, v0x58cff0223610_0, v0x58cff02238a0_0, v0x58cff02237d0_0, v0x58cff0223440_0, v0x58cff0223510_0 {0 0 0};
    %delay 10, 0;
    %pushi/vec4 0, 0, 1;
    %store/vec4 v0x58cff0223610_0, 0, 1;
    %delay 10, 0;
    %pushi/vec4 3, 0, 2;
    %store/vec4 v0x58cff02236e0_0, 0, 2;
    %pushi/vec4 9, 0, 4;
    %store/vec4 v0x58cff0223440_0, 0, 4;
    %delay 10, 0;
    %pushi/vec4 0, 0, 2;
    %store/vec4 v0x58cff02236e0_0, 0, 2;
    %delay 10, 0;
    %pushi/vec4 1, 0, 2;
    %store/vec4 v0x58cff02236e0_0, 0, 2;
    %pushi/vec4 1, 0, 1;
    %store/vec4 v0x58cff02238a0_0, 0, 1;
    %delay 10, 0;
    %pushi/vec4 0, 0, 1;
    %store/vec4 v0x58cff02238a0_0, 0, 1;
    %delay 10, 0;
    %pushi/vec4 2, 0, 2;
    %store/vec4 v0x58cff02236e0_0, 0, 2;
    %pushi/vec4 1, 0, 1;
    %store/vec4 v0x58cff02237d0_0, 0, 1;
    %delay 10, 0;
    %pushi/vec4 0, 0, 1;
    %store/vec4 v0x58cff02237d0_0, 0, 1;
    %delay 10, 0;
    %pushi/vec4 0, 0, 2;
    %store/vec4 v0x58cff02236e0_0, 0, 2;
    %delay 20, 0;
    %vpi_call 2 35 "$finish" {0 0 0};
    %end;
    .thread T_2;
    .scope S_0x58cff020ac50;
T_3 ;
    %vpi_call 2 38 "$dumpfile", "uni_reg.vcd" {0 0 0};
    %vpi_call 2 39 "$dumpvars", 32'sb00000000000000000000000000000000, S_0x58cff020ac50 {0 0 0};
    %end;
    .thread T_3;
# The file index is used to find the file name in the following table.
:file_names 4;
    "N/A";
    "<interactive>";
    "universal_reg_tb.v";
    "universal_reg.v";
